[0.631s] Invoking command in '/home/polestar3/ros2_ws/build/tb3_security_system': PYTHONPATH=/home/polestar3/ros2_ws/build/tb3_security_system/prefix_override:/usr/lib/python3/dist-packages/colcon_core/task/python/colcon_distutils_commands:/home/polestar3/ros2_ws/install/tb3_security_system/lib/python3.10/site-packages:${PYTHONPATH} /usr/bin/python3 -W ignore:setup.py install is deprecated -W ignore:easy_install command is deprecated setup.py develop --editable --build-directory /home/polestar3/ros2_ws/build/tb3_security_system/build --no-deps symlink_data
[0.868s] running develop
[1.049s] running egg_info
[1.049s] writing tb3_security_system.egg-info/PKG-INFO
[1.049s] writing dependency_links to tb3_security_system.egg-info/dependency_links.txt
[1.049s] writing entry points to tb3_security_system.egg-info/entry_points.txt
[1.050s] writing requirements to tb3_security_system.egg-info/requires.txt
[1.050s] writing top-level names to tb3_security_system.egg-info/top_level.txt
[1.051s] reading manifest file 'tb3_security_system.egg-info/SOURCES.txt'
[1.052s] writing manifest file 'tb3_security_system.egg-info/SOURCES.txt'
[1.053s] running build_ext
[1.054s] Creating /home/polestar3/ros2_ws/install/tb3_security_system/lib/python3.10/site-packages/tb3-security-system.egg-link (link to .)
[1.054s] Installing behavior_manager script to /home/polestar3/ros2_ws/install/tb3_security_system/lib/tb3_security_system
[1.055s] Installing goal_manager script to /home/polestar3/ros2_ws/install/tb3_security_system/lib/tb3_security_system
[1.055s] Installing gui_main script to /home/polestar3/ros2_ws/install/tb3_security_system/lib/tb3_security_system
[1.055s] Installing obstacle_monitor script to /home/polestar3/ros2_ws/install/tb3_security_system/lib/tb3_security_system
[1.055s] Installing simple_navigator script to /home/polestar3/ros2_ws/install/tb3_security_system/lib/tb3_security_system
[1.055s] 
[1.055s] Installed /home/polestar3/ros2_ws/build/tb3_security_system
[1.055s] running symlink_data
[1.073s] Invoked command in '/home/polestar3/ros2_ws/build/tb3_security_system' returned '0': PYTHONPATH=/home/polestar3/ros2_ws/build/tb3_security_system/prefix_override:/usr/lib/python3/dist-packages/colcon_core/task/python/colcon_distutils_commands:/home/polestar3/ros2_ws/install/tb3_security_system/lib/python3.10/site-packages:${PYTHONPATH} /usr/bin/python3 -W ignore:setup.py install is deprecated -W ignore:easy_install command is deprecated setup.py develop --editable --build-directory /home/polestar3/ros2_ws/build/tb3_security_system/build --no-deps symlink_data
