[0.559s] Invoking command in '/home/polestar3/ros2_ws/build/tb3_security_system': PYTHONPATH=/home/polestar3/ros2_ws/build/tb3_security_system/prefix_override:/usr/lib/python3/dist-packages/colcon_core/task/python/colcon_distutils_commands:/home/polestar3/ros2_ws/install/tb3_security_system/lib/python3.10/site-packages:${PYTHONPATH} /usr/bin/python3 -W ignore:setup.py install is deprecated -W ignore:easy_install command is deprecated setup.py develop --editable --build-directory /home/polestar3/ros2_ws/build/tb3_security_system/build --no-deps symlink_data
[0.802s] running develop
[0.981s] running egg_info
[0.981s] writing tb3_security_system.egg-info/PKG-INFO
[0.981s] writing dependency_links to tb3_security_system.egg-info/dependency_links.txt
[0.981s] writing entry points to tb3_security_system.egg-info/entry_points.txt
[0.981s] writing requirements to tb3_security_system.egg-info/requires.txt
[0.981s] writing top-level names to tb3_security_system.egg-info/top_level.txt
[0.983s] reading manifest file 'tb3_security_system.egg-info/SOURCES.txt'
[0.983s] writing manifest file 'tb3_security_system.egg-info/SOURCES.txt'
[0.985s] running build_ext
[0.985s] Creating /home/polestar3/ros2_ws/install/tb3_security_system/lib/python3.10/site-packages/tb3-security-system.egg-link (link to .)
[0.986s] Installing behavior_manager script to /home/polestar3/ros2_ws/install/tb3_security_system/lib/tb3_security_system
[0.986s] Installing goal_manager script to /home/polestar3/ros2_ws/install/tb3_security_system/lib/tb3_security_system
[0.986s] Installing gui_main script to /home/polestar3/ros2_ws/install/tb3_security_system/lib/tb3_security_system
[0.986s] Installing obstacle_monitor script to /home/polestar3/ros2_ws/install/tb3_security_system/lib/tb3_security_system
[0.986s] 
[0.986s] Installed /home/polestar3/ros2_ws/build/tb3_security_system
[0.986s] running symlink_data
[0.987s] creating /home/polestar3/ros2_ws/install/tb3_security_system/share/tb3_security_system/maps
[0.987s] symbolically linking /home/polestar3/ros2_ws/build/tb3_security_system/tb3_security_system/maps/my_map.yaml -> /home/polestar3/ros2_ws/install/tb3_security_system/share/tb3_security_system/maps
[0.987s] symbolically linking /home/polestar3/ros2_ws/build/tb3_security_system/tb3_security_system/maps/my_map.pgm -> /home/polestar3/ros2_ws/install/tb3_security_system/share/tb3_security_system/maps
[1.004s] Invoked command in '/home/polestar3/ros2_ws/build/tb3_security_system' returned '0': PYTHONPATH=/home/polestar3/ros2_ws/build/tb3_security_system/prefix_override:/usr/lib/python3/dist-packages/colcon_core/task/python/colcon_distutils_commands:/home/polestar3/ros2_ws/install/tb3_security_system/lib/python3.10/site-packages:${PYTHONPATH} /usr/bin/python3 -W ignore:setup.py install is deprecated -W ignore:easy_install command is deprecated setup.py develop --editable --build-directory /home/polestar3/ros2_ws/build/tb3_security_system/build --no-deps symlink_data
