[1.611s] Invoking command in '/home/polestar3/ros2_ws/build/tb3_security_system': PYTHONPATH=/home/polestar3/ros2_ws/build/tb3_security_system/prefix_override:/usr/lib/python3/dist-packages/colcon_core/task/python/colcon_distutils_commands:/home/polestar3/ros2_ws/install/tb3_security_system/lib/python3.10/site-packages:${PYTHONPATH} /usr/bin/python3 -W ignore:setup.py install is deprecated -W ignore:easy_install command is deprecated setup.py develop --editable --build-directory /home/polestar3/ros2_ws/build/tb3_security_system/build --no-deps symlink_data
[2.239s] running develop
[2.607s] running egg_info
[2.607s] writing tb3_security_system.egg-info/PKG-INFO
[2.608s] writing dependency_links to tb3_security_system.egg-info/dependency_links.txt
[2.608s] writing entry points to tb3_security_system.egg-info/entry_points.txt
[2.608s] writing requirements to tb3_security_system.egg-info/requires.txt
[2.609s] writing top-level names to tb3_security_system.egg-info/top_level.txt
[2.618s] reading manifest file 'tb3_security_system.egg-info/SOURCES.txt'
[2.619s] writing manifest file 'tb3_security_system.egg-info/SOURCES.txt'
[2.622s] running build_ext
[2.623s] Creating /home/polestar3/ros2_ws/install/tb3_security_system/lib/python3.10/site-packages/tb3-security-system.egg-link (link to .)
[2.625s] Installing behavior_manager script to /home/polestar3/ros2_ws/install/tb3_security_system/lib/tb3_security_system
[2.625s] Installing goal_manager script to /home/polestar3/ros2_ws/install/tb3_security_system/lib/tb3_security_system
[2.626s] Installing gui_main script to /home/polestar3/ros2_ws/install/tb3_security_system/lib/tb3_security_system
[2.626s] Installing obstacle_monitor script to /home/polestar3/ros2_ws/install/tb3_security_system/lib/tb3_security_system
[2.627s] 
[2.627s] Installed /home/polestar3/ros2_ws/build/tb3_security_system
[2.627s] running symlink_data
[2.778s] Invoked command in '/home/polestar3/ros2_ws/build/tb3_security_system' returned '0': PYTHONPATH=/home/polestar3/ros2_ws/build/tb3_security_system/prefix_override:/usr/lib/python3/dist-packages/colcon_core/task/python/colcon_distutils_commands:/home/polestar3/ros2_ws/install/tb3_security_system/lib/python3.10/site-packages:${PYTHONPATH} /usr/bin/python3 -W ignore:setup.py install is deprecated -W ignore:easy_install command is deprecated setup.py develop --editable --build-directory /home/polestar3/ros2_ws/build/tb3_security_system/build --no-deps symlink_data
