[0.565s] Invoking command in '/home/polestar3/ros2_ws/build/tb3_security_system': PYTHONPATH=/home/polestar3/ros2_ws/build/tb3_security_system/prefix_override:/usr/lib/python3/dist-packages/colcon_core/task/python/colcon_distutils_commands:/home/polestar3/ros2_ws/install/tb3_security_system/lib/python3.10/site-packages:${PYTHONPATH} /usr/bin/python3 -W ignore:setup.py install is deprecated -W ignore:easy_install command is deprecated setup.py develop --editable --build-directory /home/polestar3/ros2_ws/build/tb3_security_system/build --no-deps symlink_data
[0.793s] running develop
[0.977s] running egg_info
[0.977s] writing tb3_security_system.egg-info/PKG-INFO
[0.977s] writing dependency_links to tb3_security_system.egg-info/dependency_links.txt
[0.977s] writing entry points to tb3_security_system.egg-info/entry_points.txt
[0.978s] writing requirements to tb3_security_system.egg-info/requires.txt
[0.978s] writing top-level names to tb3_security_system.egg-info/top_level.txt
[0.979s] reading manifest file 'tb3_security_system.egg-info/SOURCES.txt'
[0.980s] writing manifest file 'tb3_security_system.egg-info/SOURCES.txt'
[0.981s] running build_ext
[0.982s] Creating /home/polestar3/ros2_ws/install/tb3_security_system/lib/python3.10/site-packages/tb3-security-system.egg-link (link to .)
[0.983s] Installing behavior_manager script to /home/polestar3/ros2_ws/install/tb3_security_system/lib/tb3_security_system
[0.983s] Installing goal_manager script to /home/polestar3/ros2_ws/install/tb3_security_system/lib/tb3_security_system
[0.983s] Installing gui_main script to /home/polestar3/ros2_ws/install/tb3_security_system/lib/tb3_security_system
[0.983s] Installing obstacle_monitor script to /home/polestar3/ros2_ws/install/tb3_security_system/lib/tb3_security_system
[0.983s] Installing simple_navigator script to /home/polestar3/ros2_ws/install/tb3_security_system/lib/tb3_security_system
[0.983s] 
[0.984s] Installed /home/polestar3/ros2_ws/build/tb3_security_system
[0.984s] running symlink_data
[1.001s] Invoked command in '/home/polestar3/ros2_ws/build/tb3_security_system' returned '0': PYTHONPATH=/home/polestar3/ros2_ws/build/tb3_security_system/prefix_override:/usr/lib/python3/dist-packages/colcon_core/task/python/colcon_distutils_commands:/home/polestar3/ros2_ws/install/tb3_security_system/lib/python3.10/site-packages:${PYTHONPATH} /usr/bin/python3 -W ignore:setup.py install is deprecated -W ignore:easy_install command is deprecated setup.py develop --editable --build-directory /home/polestar3/ros2_ws/build/tb3_security_system/build --no-deps symlink_data
