[1.402s] Invoking command in '/home/polestar3/ros2_ws/build/tb3_security_system': PYTHONPATH=/home/polestar3/ros2_ws/build/tb3_security_system/prefix_override:/usr/lib/python3/dist-packages/colcon_core/task/python/colcon_distutils_commands:/home/polestar3/ros2_ws/install/tb3_security_system/lib/python3.10/site-packages:${PYTHONPATH} /usr/bin/python3 -W ignore:setup.py install is deprecated -W ignore:easy_install command is deprecated setup.py develop --editable --build-directory /home/polestar3/ros2_ws/build/tb3_security_system/build --no-deps symlink_data
[1.947s] running develop
[2.301s] running egg_info
[2.302s] writing tb3_security_system.egg-info/PKG-INFO
[2.302s] writing dependency_links to tb3_security_system.egg-info/dependency_links.txt
[2.302s] writing entry points to tb3_security_system.egg-info/entry_points.txt
[2.303s] writing requirements to tb3_security_system.egg-info/requires.txt
[2.303s] writing top-level names to tb3_security_system.egg-info/top_level.txt
[2.309s] reading manifest file 'tb3_security_system.egg-info/SOURCES.txt'
[2.311s] writing manifest file 'tb3_security_system.egg-info/SOURCES.txt'
[2.316s] running build_ext
[2.317s] Creating /home/polestar3/ros2_ws/install/tb3_security_system/lib/python3.10/site-packages/tb3-security-system.egg-link (link to .)
[2.319s] Installing behavior_manager script to /home/polestar3/ros2_ws/install/tb3_security_system/lib/tb3_security_system
[2.320s] Installing goal_manager script to /home/polestar3/ros2_ws/install/tb3_security_system/lib/tb3_security_system
[2.320s] Installing gui_main script to /home/polestar3/ros2_ws/install/tb3_security_system/lib/tb3_security_system
[2.320s] Installing obstacle_monitor script to /home/polestar3/ros2_ws/install/tb3_security_system/lib/tb3_security_system
[2.320s] 
[2.320s] Installed /home/polestar3/ros2_ws/build/tb3_security_system
[2.320s] running symlink_data
[2.436s] Invoked command in '/home/polestar3/ros2_ws/build/tb3_security_system' returned '0': PYTHONPATH=/home/polestar3/ros2_ws/build/tb3_security_system/prefix_override:/usr/lib/python3/dist-packages/colcon_core/task/python/colcon_distutils_commands:/home/polestar3/ros2_ws/install/tb3_security_system/lib/python3.10/site-packages:${PYTHONPATH} /usr/bin/python3 -W ignore:setup.py install is deprecated -W ignore:easy_install command is deprecated setup.py develop --editable --build-directory /home/polestar3/ros2_ws/build/tb3_security_system/build --no-deps symlink_data
