[0.526s] Invoking command in '/home/polestar3/ros2_ws/build/tb3_security_system': PYTHONPATH=/home/polestar3/ros2_ws/build/tb3_security_system/prefix_override:/usr/lib/python3/dist-packages/colcon_core/task/python/colcon_distutils_commands:/home/polestar3/ros2_ws/install/tb3_security_system/lib/python3.10/site-packages:${PYTHONPATH} /usr/bin/python3 -W ignore:setup.py install is deprecated -W ignore:easy_install command is deprecated setup.py develop --editable --build-directory /home/polestar3/ros2_ws/build/tb3_security_system/build --no-deps symlink_data
[0.752s] running develop
[0.921s] running egg_info
[0.921s] creating tb3_security_system.egg-info
[0.922s] writing tb3_security_system.egg-info/PKG-INFO
[0.922s] writing dependency_links to tb3_security_system.egg-info/dependency_links.txt
[0.922s] writing entry points to tb3_security_system.egg-info/entry_points.txt
[0.922s] writing requirements to tb3_security_system.egg-info/requires.txt
[0.922s] writing top-level names to tb3_security_system.egg-info/top_level.txt
[0.922s] writing manifest file 'tb3_security_system.egg-info/SOURCES.txt'
[0.923s] reading manifest file 'tb3_security_system.egg-info/SOURCES.txt'
[0.924s] writing manifest file 'tb3_security_system.egg-info/SOURCES.txt'
[0.925s] running build_ext
[0.925s] Creating /home/polestar3/ros2_ws/install/tb3_security_system/lib/python3.10/site-packages/tb3-security-system.egg-link (link to .)
[0.926s] Installing behavior_manager script to /home/polestar3/ros2_ws/install/tb3_security_system/lib/tb3_security_system
[0.926s] Installing goal_manager script to /home/polestar3/ros2_ws/install/tb3_security_system/lib/tb3_security_system
[0.926s] Installing gui_main script to /home/polestar3/ros2_ws/install/tb3_security_system/lib/tb3_security_system
[0.926s] Installing obstacle_monitor script to /home/polestar3/ros2_ws/install/tb3_security_system/lib/tb3_security_system
[0.926s] 
[0.926s] Installed /home/polestar3/ros2_ws/build/tb3_security_system
[0.926s] running symlink_data
[0.926s] creating /home/polestar3/ros2_ws/install/tb3_security_system/share/ament_index
[0.926s] creating /home/polestar3/ros2_ws/install/tb3_security_system/share/ament_index/resource_index
[0.926s] creating /home/polestar3/ros2_ws/install/tb3_security_system/share/ament_index/resource_index/packages
[0.926s] symbolically linking /home/polestar3/ros2_ws/build/tb3_security_system/resource/tb3_security_system -> /home/polestar3/ros2_ws/install/tb3_security_system/share/ament_index/resource_index/packages
[0.926s] symbolically linking /home/polestar3/ros2_ws/build/tb3_security_system/package.xml -> /home/polestar3/ros2_ws/install/tb3_security_system/share/tb3_security_system
[0.926s] creating /home/polestar3/ros2_ws/install/tb3_security_system/share/tb3_security_system/launch
[0.926s] symbolically linking /home/polestar3/ros2_ws/build/tb3_security_system/launch/spawn_4_boxes.launch.py -> /home/polestar3/ros2_ws/install/tb3_security_system/share/tb3_security_system/launch
[0.927s] symbolically linking /home/polestar3/ros2_ws/build/tb3_security_system/launch/spawn_world_and_boxes.launch.py -> /home/polestar3/ros2_ws/install/tb3_security_system/share/tb3_security_system/launch
[0.927s] symbolically linking /home/polestar3/ros2_ws/build/tb3_security_system/launch/full_system.launch.py -> /home/polestar3/ros2_ws/install/tb3_security_system/share/tb3_security_system/launch
[0.927s] symbolically linking /home/polestar3/ros2_ws/build/tb3_security_system/launch/slam_tb3_1.launch.py -> /home/polestar3/ros2_ws/install/tb3_security_system/share/tb3_security_system/launch
[0.927s] symbolically linking /home/polestar3/ros2_ws/build/tb3_security_system/launch/gui_with_bm.launch.py -> /home/polestar3/ros2_ws/install/tb3_security_system/share/tb3_security_system/launch
[0.945s] Invoked command in '/home/polestar3/ros2_ws/build/tb3_security_system' returned '0': PYTHONPATH=/home/polestar3/ros2_ws/build/tb3_security_system/prefix_override:/usr/lib/python3/dist-packages/colcon_core/task/python/colcon_distutils_commands:/home/polestar3/ros2_ws/install/tb3_security_system/lib/python3.10/site-packages:${PYTHONPATH} /usr/bin/python3 -W ignore:setup.py install is deprecated -W ignore:easy_install command is deprecated setup.py develop --editable --build-directory /home/polestar3/ros2_ws/build/tb3_security_system/build --no-deps symlink_data
