[0.547s] Invoking command in '/home/polestar3/ros2_ws/build/tb3_security_system': PYTHONPATH=/home/polestar3/ros2_ws/build/tb3_security_system/prefix_override:/usr/lib/python3/dist-packages/colcon_core/task/python/colcon_distutils_commands:/home/polestar3/ros2_ws/install/tb3_security_system/lib/python3.10/site-packages:${PYTHONPATH} /usr/bin/python3 -W ignore:setup.py install is deprecated -W ignore:easy_install command is deprecated setup.py develop --editable --build-directory /home/polestar3/ros2_ws/build/tb3_security_system/build --no-deps symlink_data
[0.781s] running develop
[0.959s] running egg_info
[0.960s] writing tb3_security_system.egg-info/PKG-INFO
[0.960s] writing dependency_links to tb3_security_system.egg-info/dependency_links.txt
[0.960s] writing entry points to tb3_security_system.egg-info/entry_points.txt
[0.960s] writing requirements to tb3_security_system.egg-info/requires.txt
[0.960s] writing top-level names to tb3_security_system.egg-info/top_level.txt
[0.962s] reading manifest file 'tb3_security_system.egg-info/SOURCES.txt'
[0.962s] writing manifest file 'tb3_security_system.egg-info/SOURCES.txt'
[0.964s] running build_ext
[0.964s] Creating /home/polestar3/ros2_ws/install/tb3_security_system/lib/python3.10/site-packages/tb3-security-system.egg-link (link to .)
[0.964s] Installing behavior_manager script to /home/polestar3/ros2_ws/install/tb3_security_system/lib/tb3_security_system
[0.965s] Installing goal_manager script to /home/polestar3/ros2_ws/install/tb3_security_system/lib/tb3_security_system
[0.965s] Installing gui_main script to /home/polestar3/ros2_ws/install/tb3_security_system/lib/tb3_security_system
[0.965s] Installing obstacle_monitor script to /home/polestar3/ros2_ws/install/tb3_security_system/lib/tb3_security_system
[0.965s] Installing qr_scanner script to /home/polestar3/ros2_ws/install/tb3_security_system/lib/tb3_security_system
[0.965s] Installing random_patrol script to /home/polestar3/ros2_ws/install/tb3_security_system/lib/tb3_security_system
[0.965s] Installing return_home script to /home/polestar3/ros2_ws/install/tb3_security_system/lib/tb3_security_system
[0.965s] Installing seq_patrol script to /home/polestar3/ros2_ws/install/tb3_security_system/lib/tb3_security_system
[0.965s] Installing simple_navigator script to /home/polestar3/ros2_ws/install/tb3_security_system/lib/tb3_security_system
[0.965s] 
[0.965s] Installed /home/polestar3/ros2_ws/build/tb3_security_system
[0.965s] running symlink_data
[0.966s] symbolically linking /home/polestar3/ros2_ws/build/tb3_security_system/launch/sim_two_robots.launch.py -> /home/polestar3/ros2_ws/install/tb3_security_system/share/tb3_security_system/launch
[0.983s] Invoked command in '/home/polestar3/ros2_ws/build/tb3_security_system' returned '0': PYTHONPATH=/home/polestar3/ros2_ws/build/tb3_security_system/prefix_override:/usr/lib/python3/dist-packages/colcon_core/task/python/colcon_distutils_commands:/home/polestar3/ros2_ws/install/tb3_security_system/lib/python3.10/site-packages:${PYTHONPATH} /usr/bin/python3 -W ignore:setup.py install is deprecated -W ignore:easy_install command is deprecated setup.py develop --editable --build-directory /home/polestar3/ros2_ws/build/tb3_security_system/build --no-deps symlink_data
