running develop
running egg_info
creating tb3_security_system.egg-info
writing tb3_security_system.egg-info/PKG-INFO
writing dependency_links to tb3_security_system.egg-info/dependency_links.txt
writing entry points to tb3_security_system.egg-info/entry_points.txt
writing requirements to tb3_security_system.egg-info/requires.txt
writing top-level names to tb3_security_system.egg-info/top_level.txt
writing manifest file 'tb3_security_system.egg-info/SOURCES.txt'
reading manifest file 'tb3_security_system.egg-info/SOURCES.txt'
writing manifest file 'tb3_security_system.egg-info/SOURCES.txt'
running build_ext
Creating /home/polestar3/ros2_ws/src/install/tb3_security_system/lib/python3.10/site-packages/tb3-security-system.egg-link (link to .)

Installed /home/polestar3/ros2_ws/src/build/tb3_security_system
running symlink_data
creating /home/polestar3/ros2_ws/src/install/tb3_security_system/share/ament_index
creating /home/polestar3/ros2_ws/src/install/tb3_security_system/share/ament_index/resource_index
creating /home/polestar3/ros2_ws/src/install/tb3_security_system/share/ament_index/resource_index/packages
symbolically linking /home/polestar3/ros2_ws/src/build/tb3_security_system/resource/tb3_security_system -> /home/polestar3/ros2_ws/src/install/tb3_security_system/share/ament_index/resource_index/packages
symbolically linking /home/polestar3/ros2_ws/src/build/tb3_security_system/package.xml -> /home/polestar3/ros2_ws/src/install/tb3_security_system/share/tb3_security_system
