[0.597s] Invoking command in '/home/polestar3/ros2_ws/src/build/tb3_security_system': PYTHONPATH=/home/polestar3/ros2_ws/src/build/tb3_security_system/prefix_override:/usr/lib/python3/dist-packages/colcon_core/task/python/colcon_distutils_commands:/home/polestar3/ros2_ws/src/install/tb3_security_system/lib/python3.10/site-packages:${PYTHONPATH} /usr/bin/python3 -W ignore:setup.py install is deprecated -W ignore:easy_install command is deprecated setup.py develop --editable --build-directory /home/polestar3/ros2_ws/src/build/tb3_security_system/build --no-deps symlink_data
[0.816s] running develop
[0.985s] running egg_info
[0.985s] creating tb3_security_system.egg-info
[0.985s] writing tb3_security_system.egg-info/PKG-INFO
[0.985s] writing dependency_links to tb3_security_system.egg-info/dependency_links.txt
[0.985s] writing entry points to tb3_security_system.egg-info/entry_points.txt
[0.985s] writing requirements to tb3_security_system.egg-info/requires.txt
[0.985s] writing top-level names to tb3_security_system.egg-info/top_level.txt
[0.985s] writing manifest file 'tb3_security_system.egg-info/SOURCES.txt'
[0.987s] reading manifest file 'tb3_security_system.egg-info/SOURCES.txt'
[0.987s] writing manifest file 'tb3_security_system.egg-info/SOURCES.txt'
[0.988s] running build_ext
[0.988s] Creating /home/polestar3/ros2_ws/src/install/tb3_security_system/lib/python3.10/site-packages/tb3-security-system.egg-link (link to .)
[0.989s] 
[0.989s] Installed /home/polestar3/ros2_ws/src/build/tb3_security_system
[0.989s] running symlink_data
[0.989s] creating /home/polestar3/ros2_ws/src/install/tb3_security_system/share/ament_index
[0.989s] creating /home/polestar3/ros2_ws/src/install/tb3_security_system/share/ament_index/resource_index
[0.989s] creating /home/polestar3/ros2_ws/src/install/tb3_security_system/share/ament_index/resource_index/packages
[0.989s] symbolically linking /home/polestar3/ros2_ws/src/build/tb3_security_system/resource/tb3_security_system -> /home/polestar3/ros2_ws/src/install/tb3_security_system/share/ament_index/resource_index/packages
[0.989s] symbolically linking /home/polestar3/ros2_ws/src/build/tb3_security_system/package.xml -> /home/polestar3/ros2_ws/src/install/tb3_security_system/share/tb3_security_system
[1.005s] Invoked command in '/home/polestar3/ros2_ws/src/build/tb3_security_system' returned '0': PYTHONPATH=/home/polestar3/ros2_ws/src/build/tb3_security_system/prefix_override:/usr/lib/python3/dist-packages/colcon_core/task/python/colcon_distutils_commands:/home/polestar3/ros2_ws/src/install/tb3_security_system/lib/python3.10/site-packages:${PYTHONPATH} /usr/bin/python3 -W ignore:setup.py install is deprecated -W ignore:easy_install command is deprecated setup.py develop --editable --build-directory /home/polestar3/ros2_ws/src/build/tb3_security_system/build --no-deps symlink_data
