running develop
running egg_info
creating tb3_security_system.egg-info
writing tb3_security_system.egg-info/PKG-INFO
writing dependency_links to tb3_security_system.egg-info/dependency_links.txt
writing entry points to tb3_security_system.egg-info/entry_points.txt
writing requirements to tb3_security_system.egg-info/requires.txt
writing top-level names to tb3_security_system.egg-info/top_level.txt
writing manifest file 'tb3_security_system.egg-info/SOURCES.txt'
reading manifest file 'tb3_security_system.egg-info/SOURCES.txt'
writing manifest file 'tb3_security_system.egg-info/SOURCES.txt'
running build_ext
Creating /home/polestar3/ros2_ws/install/tb3_security_system/lib/python3.10/site-packages/tb3-security-system.egg-link (link to .)
Installing behavior_manager script to /home/polestar3/ros2_ws/install/tb3_security_system/lib/tb3_security_system
Installing goal_manager script to /home/polestar3/ros2_ws/install/tb3_security_system/lib/tb3_security_system
Installing gui_main script to /home/polestar3/ros2_ws/install/tb3_security_system/lib/tb3_security_system
Installing obstacle_monitor script to /home/polestar3/ros2_ws/install/tb3_security_system/lib/tb3_security_system
Installing simple_navigator script to /home/polestar3/ros2_ws/install/tb3_security_system/lib/tb3_security_system

Installed /home/polestar3/ros2_ws/build/tb3_security_system
running symlink_data
creating /home/polestar3/ros2_ws/install/tb3_security_system/share/ament_index
creating /home/polestar3/ros2_ws/install/tb3_security_system/share/ament_index/resource_index
creating /home/polestar3/ros2_ws/install/tb3_security_system/share/ament_index/resource_index/packages
symbolically linking /home/polestar3/ros2_ws/build/tb3_security_system/resource/tb3_security_system -> /home/polestar3/ros2_ws/install/tb3_security_system/share/ament_index/resource_index/packages
symbolically linking /home/polestar3/ros2_ws/build/tb3_security_system/package.xml -> /home/polestar3/ros2_ws/install/tb3_security_system/share/tb3_security_system
creating /home/polestar3/ros2_ws/install/tb3_security_system/share/tb3_security_system/launch
symbolically linking /home/polestar3/ros2_ws/build/tb3_security_system/launch/spawn_4_boxes.launch.py -> /home/polestar3/ros2_ws/install/tb3_security_system/share/tb3_security_system/launch
symbolically linking /home/polestar3/ros2_ws/build/tb3_security_system/launch/real_two_robots.launch.py -> /home/polestar3/ros2_ws/install/tb3_security_system/share/tb3_security_system/launch
symbolically linking /home/polestar3/ros2_ws/build/tb3_security_system/launch/spawn_world_and_boxes.launch.py -> /home/polestar3/ros2_ws/install/tb3_security_system/share/tb3_security_system/launch
symbolically linking /home/polestar3/ros2_ws/build/tb3_security_system/launch/full_system.launch.py -> /home/polestar3/ros2_ws/install/tb3_security_system/share/tb3_security_system/launch
symbolically linking /home/polestar3/ros2_ws/build/tb3_security_system/launch/b_mode_two_robots.launch.py -> /home/polestar3/ros2_ws/install/tb3_security_system/share/tb3_security_system/launch
symbolically linking /home/polestar3/ros2_ws/build/tb3_security_system/launch/sim_two_robots.launch.py -> /home/polestar3/ros2_ws/install/tb3_security_system/share/tb3_security_system/launch
symbolically linking /home/polestar3/ros2_ws/build/tb3_security_system/launch/nav2_slam_tb3.launch.py -> /home/polestar3/ros2_ws/install/tb3_security_system/share/tb3_security_system/launch
symbolically linking /home/polestar3/ros2_ws/build/tb3_security_system/launch/slam_tb3_1.launch.py -> /home/polestar3/ros2_ws/install/tb3_security_system/share/tb3_security_system/launch
symbolically linking /home/polestar3/ros2_ws/build/tb3_security_system/launch/gui_with_bm.launch.py -> /home/polestar3/ros2_ws/install/tb3_security_system/share/tb3_security_system/launch
creating /home/polestar3/ros2_ws/install/tb3_security_system/share/tb3_security_system/maps
symbolically linking /home/polestar3/ros2_ws/build/tb3_security_system/tb3_security_system/maps/my_map.yaml -> /home/polestar3/ros2_ws/install/tb3_security_system/share/tb3_security_system/maps
symbolically linking /home/polestar3/ros2_ws/build/tb3_security_system/tb3_security_system/maps/my_map.pgm -> /home/polestar3/ros2_ws/install/tb3_security_system/share/tb3_security_system/maps
